DEBUG   2021-12-29 10:38:18,870 [main] Hooks.class  - Opening driver
INFO    2021-12-29 10:38:18,955 [main] Hooks.class  - Driver closed
DEBUG   2021-12-29 10:38:18,960 [main] Hooks.class  - Opening driver
INFO    2021-12-29 10:38:18,978 [main] Hooks.class  - Driver closed
DEBUG   2021-12-29 10:38:18,986 [main] Hooks.class  - Opening driver
INFO    2021-12-29 10:38:19,001 [main] Hooks.class  - Driver closed
DEBUG   2021-12-29 10:40:20,649 [main] Hooks.class  - Opening driver
INFO    2021-12-29 10:40:20,738 [main] Hooks.class  - Driver closed
DEBUG   2021-12-29 10:40:20,747 [main] Hooks.class  - Opening driver
INFO    2021-12-29 10:40:20,775 [main] Hooks.class  - Driver closed
DEBUG   2021-12-29 10:40:20,787 [main] Hooks.class  - Opening driver
INFO    2021-12-29 10:40:20,801 [main] Hooks.class  - Driver closed
DEBUG   2021-12-29 10:41:42,651 [main] Hooks.class  - Opening driver
INFO    2021-12-29 10:41:45,319 [main] Hooks.class  - Driver opened
DEBUG   2021-12-29 10:42:04,367 [main] Hooks.class  - Opening URL
DEBUG   2021-12-29 10:42:04,575 [main] HomeStepDefinition.class  - Verifying title
DEBUG   2021-12-29 10:42:04,595 [main] HomePage.java  - Verifying title
INFO    2021-12-29 10:42:04,641 [main] Hooks.class  - Driver closed
DEBUG   2021-12-29 10:42:08,851 [main] Hooks.class  - Opening driver
INFO    2021-12-29 10:42:10,738 [main] Hooks.class  - Driver opened
DEBUG   2021-12-29 10:42:21,777 [main] Hooks.class  - Opening URL
DEBUG   2021-12-29 10:42:21,783 [main] HomeStepDefinition.class  - Verifying title
DEBUG   2021-12-29 10:42:21,793 [main] HomePage.java  - Verifying title
INFO    2021-12-29 10:42:22,472 [main] Hooks.class  - Driver closed
DEBUG   2021-12-29 10:42:22,951 [main] Hooks.class  - Opening driver
INFO    2021-12-29 10:42:24,824 [main] Hooks.class  - Driver opened
DEBUG   2021-12-29 10:42:35,602 [main] Hooks.class  - Opening URL
DEBUG   2021-12-29 10:42:35,608 [main] HomeStepDefinition.class  - Verifying title
DEBUG   2021-12-29 10:42:35,613 [main] HomePage.java  - Verifying title
INFO    2021-12-29 10:42:35,625 [main] Hooks.class  - Driver closed
DEBUG   2021-12-29 14:06:25,394 [main] Hooks.class  - Opening driver
INFO    2021-12-29 14:06:28,583 [main] Hooks.class  - Driver opened
DEBUG   2021-12-29 14:07:25,291 [main] Hooks.class  - Opening URL
DEBUG   2021-12-29 14:07:25,395 [main] HomeStepDefinition.class  - Verifying title
DEBUG   2021-12-29 14:07:25,403 [main] HomePage.java  - Verifying title
INFO    2021-12-29 14:07:25,426 [main] Hooks.class  - Driver closed
DEBUG   2021-12-29 14:07:25,741 [main] Hooks.class  - Opening driver
INFO    2021-12-29 14:07:27,657 [main] Hooks.class  - Driver opened
DEBUG   2021-12-29 14:08:04,484 [main] Hooks.class  - Opening URL
DEBUG   2021-12-29 14:08:04,491 [main] HomeStepDefinition.class  - Verifying title
DEBUG   2021-12-29 14:08:04,495 [main] HomePage.java  - Verifying title
INFO    2021-12-29 14:08:04,504 [main] Hooks.class  - Driver closed
DEBUG   2021-12-29 14:08:08,654 [main] Hooks.class  - Opening driver
INFO    2021-12-29 14:08:10,667 [main] Hooks.class  - Driver opened
DEBUG   2021-12-29 14:08:56,197 [main] Hooks.class  - Opening URL
DEBUG   2021-12-29 14:08:56,201 [main] HomeStepDefinition.class  - Verifying title
DEBUG   2021-12-29 14:08:56,203 [main] HomePage.java  - Verifying title
INFO    2021-12-29 14:08:56,212 [main] Hooks.class  - Driver closed
